<?xml version="1.0" encoding="UTF-8"?>
<testsuites>
  <testsuite name="C:\Users\Guilherme 3s\Desktop\Projetos de Programação\realtime-chat-fullstack\backend\phpunit.xml" tests="17" assertions="54" errors="0" failures="0" skipped="0" time="2.219522">
    <testsuite name="Unit" tests="3" assertions="5" errors="0" failures="0" skipped="0" time="1.072825">
      <testsuite name="Tests\Unit\ExampleTest" file="Example (Tests\Unit\Example)" tests="1" assertions="1" errors="0" failures="0" skipped="0" time="0.005388">
        <testcase name="That true is true" file="Example (Tests\Unit\Example)::That true is true" class="Tests\Unit\ExampleTest" classname="Tests.Unit.ExampleTest" assertions="1" time="0.005388"/>
      </testsuite>
      <testsuite name="Tests\Unit\Models\UserTest" file="tests\Unit\Models\UserTest.php" tests="2" assertions="4" errors="0" failures="0" skipped="0" time="1.067437">
        <testcase name="user has many chats" file="tests\Unit\Models\UserTest.php::user has many chats" class="Tests\Unit\Models\UserTest" classname="Tests.Unit.Models.UserTest" assertions="2" time="1.038904"/>
        <testcase name="user can update online status" file="tests\Unit\Models\UserTest.php::user can update online status" class="Tests\Unit\Models\UserTest" classname="Tests.Unit.Models.UserTest" assertions="2" time="0.028533"/>
      </testsuite>
    </testsuite>
    <testsuite name="Feature" tests="14" assertions="49" errors="0" failures="0" skipped="0" time="1.146697">
      <testsuite name="Tests\Feature\Auth\LoginTest" file="tests\Feature\Auth\LoginTest.php" tests="3" assertions="9" errors="0" failures="0" skipped="0" time="0.133979">
        <testcase name="user can login with valid credentials" file="tests\Feature\Auth\LoginTest.php::user can login with valid credentials" class="Tests\Feature\Auth\LoginTest" classname="Tests.Feature.Auth.LoginTest" assertions="7" time="0.088778"/>
        <testcase name="login fails with invalid credentials" file="tests\Feature\Auth\LoginTest.php::login fails with invalid credentials" class="Tests\Feature\Auth\LoginTest" classname="Tests.Feature.Auth.LoginTest" assertions="1" time="0.026272"/>
        <testcase name="login fails with non-existent user" file="tests\Feature\Auth\LoginTest.php::login fails with non-existent user" class="Tests\Feature\Auth\LoginTest" classname="Tests.Feature.Auth.LoginTest" assertions="1" time="0.018928"/>
      </testsuite>
      <testsuite name="Tests\Feature\Auth\RegisterTest" file="tests\Feature\Auth\RegisterTest.php" tests="4" assertions="17" errors="0" failures="0" skipped="0" time="0.159372">
        <testcase name="user can register with valid data" file="tests\Feature\Auth\RegisterTest.php::user can register with valid data" class="Tests\Feature\Auth\RegisterTest" classname="Tests.Feature.Auth.RegisterTest" assertions="8" time="0.029623"/>
        <testcase name="registration fails with invalid email" file="tests\Feature\Auth\RegisterTest.php::registration fails with invalid email" class="Tests\Feature\Auth\RegisterTest" classname="Tests.Feature.Auth.RegisterTest" assertions="3" time="0.038821"/>
        <testcase name="registration fails with mismatched passwords" file="tests\Feature\Auth\RegisterTest.php::registration fails with mismatched passwords" class="Tests\Feature\Auth\RegisterTest" classname="Tests.Feature.Auth.RegisterTest" assertions="3" time="0.055442"/>
        <testcase name="registration fails with duplicate email" file="tests\Feature\Auth\RegisterTest.php::registration fails with duplicate email" class="Tests\Feature\Auth\RegisterTest" classname="Tests.Feature.Auth.RegisterTest" assertions="3" time="0.035486"/>
      </testsuite>
      <testsuite name="Tests\Feature\Chat\CreateChatTest" file="tests\Feature\Chat\CreateChatTest.php" tests="3" assertions="10" errors="0" failures="0" skipped="0" time="0.075272">
        <testcase name="authenticated user can create direct chat" file="tests\Feature\Chat\CreateChatTest.php::authenticated user can create direct chat" class="Tests\Feature\Chat\CreateChatTest" classname="Tests.Feature.Chat.CreateChatTest" assertions="8" time="0.033041"/>
        <testcase name="cannot create chat with yourself" file="tests\Feature\Chat\CreateChatTest.php::cannot create chat with yourself" class="Tests\Feature\Chat\CreateChatTest" classname="Tests.Feature.Chat.CreateChatTest" assertions="1" time="0.021470"/>
        <testcase name="unauthenticated user cannot create chat" file="tests\Feature\Chat\CreateChatTest.php::unauthenticated user cannot create chat" class="Tests\Feature\Chat\CreateChatTest" classname="Tests.Feature.Chat.CreateChatTest" assertions="1" time="0.020761"/>
      </testsuite>
      <testsuite name="Tests\Feature\ExampleTest" file="Example (Tests\Feature\Example)" tests="1" assertions="1" errors="0" failures="0" skipped="0" time="0.052257">
        <testcase name="The application returns a successful response" file="Example (Tests\Feature\Example)::The application returns a successful response" class="Tests\Feature\ExampleTest" classname="Tests.Feature.ExampleTest" assertions="1" time="0.052257"/>
      </testsuite>
      <testsuite name="Tests\Feature\Message\SendMessageTest" file="tests\Feature\Message\SendMessageTest.php" tests="3" assertions="12" errors="0" failures="0" skipped="0" time="0.725816">
        <testcase name="authenticated user can send message to chat" file="tests\Feature\Message\SendMessageTest.php::authenticated user can send message to chat" class="Tests\Feature\Message\SendMessageTest" classname="Tests.Feature.Message.SendMessageTest" assertions="8" time="0.674354"/>
        <testcase name="cannot send empty message" file="tests\Feature\Message\SendMessageTest.php::cannot send empty message" class="Tests\Feature\Message\SendMessageTest" classname="Tests.Feature.Message.SendMessageTest" assertions="3" time="0.025268"/>
        <testcase name="cannot send message to chat user is not part of" file="tests\Feature\Message\SendMessageTest.php::cannot send message to chat user is not part of" class="Tests\Feature\Message\SendMessageTest" classname="Tests.Feature.Message.SendMessageTest" assertions="1" time="0.026195"/>
      </testsuite>
    </testsuite>
  </testsuite>
</testsuites>
